<?xml version="1.0" encoding="UTF-8"?>
<!-- Generated by org.testng.reporters.JUnitXMLReporter -->
<testsuite hostname="DESKTOP-46UPVCL" ignored="0" name="Command line test" tests="11" failures="0" timestamp="2021-04-15T18:02:53 IST" time="84.726" errors="0">
  <testcase name="SetUrl" time="4.679" classname="Hackathon.Testng_CalculateTripCost"/>
  <testcase name="SearchDestination" time="9.11" classname="Hackathon.Testng_CalculateTripCost"/>
  <testcase name="ClickHolidayHomesButton" time="22.357" classname="Hackathon.Testng_CalculateTripCost"/>
  <testcase name="SetDate" time="3.091" classname="Hackathon.Testng_CalculateTripCost"/>
  <testcase name="NoOfGuests" time="1.644" classname="Hackathon.Testng_CalculateTripCost"/>
  <testcase name="RatingSort" time="6.063" classname="Hackathon.Testng_CalculateTripCost"/>
  <testcase name="LiftAccess" time="2.52" classname="Hackathon.Testng_CalculateTripCost"/>
  <testcase name="HotelDetails" time="2.187" classname="Hackathon.Testng_CalculateTripCost"/>
  <testcase name="GetHotelScreenShots" time="18.279" classname="Hackathon.Testng_CalculateTripCost"/>
  <testcase name="SetCruises" time="9.038" classname="Hackathon.Testng_CalculateTripCost"/>
  <testcase name="GetCruiseDetails" time="5.596" classname="Hackathon.Testng_CalculateTripCost"/>
</testsuite> <!-- Command line test -->
